<?xml version="1.0" encoding="UTF-8"?>
<testng-results ignored="0" total="1" passed="1" failed="0" skipped="0">
  <reporter-output>
  </reporter-output>
  <suite started-at="2025-07-25T15:37:47 IST" name="Default suite" finished-at="2025-07-25T15:37:57 IST" duration-ms="10526">
    <groups>
    </groups>
    <test started-at="2025-07-25T15:37:47 IST" name="Default test" finished-at="2025-07-25T15:37:57 IST" duration-ms="10526">
      <class name="com.DropDownBoxes.FacebookMonthList1">
        <test-method signature="FacebookMonth()[pri:0, instance:com.DropDownBoxes.FacebookMonthList1@618b19ad]" started-at="2025-07-25T15:37:47 IST" name="FacebookMonth" finished-at="2025-07-25T15:37:57 IST" duration-ms="10497" status="PASS">
          <reporter-output>
          </reporter-output>
        </test-method> <!-- FacebookMonth -->
      </class> <!-- com.DropDownBoxes.FacebookMonthList1 -->
    </test> <!-- Default test -->
  </suite> <!-- Default suite -->
</testng-results>
