<?xml version="1.0" encoding="UTF-8"?>
<testng-results ignored="0" total="1" passed="1" failed="0" skipped="0">
  <reporter-output>
  </reporter-output>
  <suite started-at="2025-07-25T17:16:56 IST" name="Default suite" finished-at="2025-07-25T17:17:12 IST" duration-ms="16713">
    <groups>
    </groups>
    <test started-at="2025-07-25T17:16:56 IST" name="Default test" finished-at="2025-07-25T17:17:12 IST" duration-ms="16713">
      <class name="com.HandlingAlerts.DemoAlerts">
        <test-method signature="TestPopups()[pri:0, instance:com.HandlingAlerts.DemoAlerts@618b19ad]" started-at="2025-07-25T17:16:56 IST" name="TestPopups" finished-at="2025-07-25T17:17:12 IST" duration-ms="16673" status="PASS">
          <reporter-output>
          </reporter-output>
        </test-method> <!-- TestPopups -->
      </class> <!-- com.HandlingAlerts.DemoAlerts -->
    </test> <!-- Default test -->
  </suite> <!-- Default suite -->
</testng-results>
