<?xml version="1.0" encoding="UTF-8"?>
<testng-results ignored="0" total="1" passed="1" failed="0" skipped="0">
  <reporter-output>
  </reporter-output>
  <suite started-at="2025-07-25T14:54:13 IST" name="Default suite" finished-at="2025-07-25T14:54:38 IST" duration-ms="25583">
    <groups>
    </groups>
    <test started-at="2025-07-25T14:54:13 IST" name="Default test" finished-at="2025-07-25T14:54:38 IST" duration-ms="25583">
      <class name="com.seleniumlocators.LinkTextandPartialLinkText">
        <test-method is-config="true" signature="setUp()[pri:0, instance:com.seleniumlocators.LinkTextandPartialLinkText@1fa121e2]" started-at="2025-07-25T14:54:13 IST" name="setUp" finished-at="2025-07-25T14:54:14 IST" duration-ms="1392" status="PASS">
          <reporter-output>
          </reporter-output>
        </test-method> <!-- setUp -->
        <test-method signature="linkTest()[pri:0, instance:com.seleniumlocators.LinkTextandPartialLinkText@1fa121e2]" started-at="2025-07-25T14:54:14 IST" name="linkTest" finished-at="2025-07-25T14:54:38 IST" duration-ms="24163" status="PASS">
          <reporter-output>
          </reporter-output>
        </test-method> <!-- linkTest -->
      </class> <!-- com.seleniumlocators.LinkTextandPartialLinkText -->
    </test> <!-- Default test -->
  </suite> <!-- Default suite -->
</testng-results>
