<?xml version="1.0" encoding="UTF-8"?>
<testng-results ignored="0" total="1" passed="1" failed="0" skipped="0">
  <reporter-output>
  </reporter-output>
  <suite started-at="2025-07-28T14:46:57 IST" name="Default suite" finished-at="2025-07-28T14:47:11 IST" duration-ms="14390">
    <groups>
    </groups>
    <test started-at="2025-07-28T14:46:57 IST" name="Default test" finished-at="2025-07-28T14:47:11 IST" duration-ms="14390">
      <class name="HandlingScroll.TestScrollBy1">
        <test-method signature="Test()[pri:0, instance:HandlingScroll.TestScrollBy1@6771beb3]" started-at="2025-07-28T14:46:57 IST" name="Test" finished-at="2025-07-28T14:47:11 IST" duration-ms="14356" status="PASS">
          <reporter-output>
          </reporter-output>
        </test-method> <!-- Test -->
      </class> <!-- HandlingScroll.TestScrollBy1 -->
    </test> <!-- Default test -->
  </suite> <!-- Default suite -->
</testng-results>
