<?xml version="1.0" encoding="UTF-8"?>
<testng-results ignored="0" total="1" passed="1" failed="0" skipped="0">
  <reporter-output>
  </reporter-output>
  <suite started-at="2025-07-28T10:38:44 IST" name="Default suite" finished-at="2025-07-28T10:38:59 IST" duration-ms="14896">
    <groups>
    </groups>
    <test started-at="2025-07-28T10:38:44 IST" name="Default test" finished-at="2025-07-28T10:38:59 IST" duration-ms="14896">
      <class name="com.seleniumcounteasemytrip.EaseMytripRadiobuttonsCount">
        <test-method signature="selectAndCountRadioButtons()[pri:0, instance:com.seleniumcounteasemytrip.EaseMytripRadiobuttonsCount@6b2ea799]" started-at="2025-07-28T10:38:44 IST" name="selectAndCountRadioButtons" finished-at="2025-07-28T10:38:59 IST" duration-ms="14859" status="PASS">
          <reporter-output>
          </reporter-output>
        </test-method> <!-- selectAndCountRadioButtons -->
      </class> <!-- com.seleniumcounteasemytrip.EaseMytripRadiobuttonsCount -->
    </test> <!-- Default test -->
  </suite> <!-- Default suite -->
</testng-results>
