<?xml version="1.0" encoding="UTF-8"?>
<testng-results ignored="0" total="1" passed="1" failed="0" skipped="0">
  <reporter-output>
  </reporter-output>
  <suite started-at="2025-07-28T14:59:41 IST" name="Default suite" finished-at="2025-07-28T14:59:54 IST" duration-ms="12530">
    <groups>
    </groups>
    <test started-at="2025-07-28T14:59:41 IST" name="Default test" finished-at="2025-07-28T14:59:54 IST" duration-ms="12530">
      <class name="screenshotDemo.TestScreenshot">
        <test-method signature="Browser()[pri:0, instance:screenshotDemo.TestScreenshot@6b2ea799]" started-at="2025-07-28T14:59:42 IST" name="Browser" finished-at="2025-07-28T14:59:54 IST" duration-ms="12487" status="PASS">
          <reporter-output>
          </reporter-output>
        </test-method> <!-- Browser -->
      </class> <!-- screenshotDemo.TestScreenshot -->
    </test> <!-- Default test -->
  </suite> <!-- Default suite -->
</testng-results>
